Making dependency for file WChSandBox.cc ...
Making dependency for file src/WCLiteTrajectoryPoint.cc ...
Making dependency for file src/WCLiteTrajectory.cc ...
Making dependency for file src/WCLiteTrackingAction.cc ...
Making dependency for file src/WCLiteSteppingVerbose.cc ...
Making dependency for file src/WCLiteStackingAction.cc ...
Making dependency for file src/WCLiteRunAction.cc ...
Making dependency for file src/WCLitePrimaryGeneratorMessenger.cc ...
Making dependency for file src/WCLitePrimaryGeneratorAction.cc ...
Making dependency for file src/WCLitePhysicsMessenger.cc ...
Making dependency for file src/WCLitePhysicsList.cc ...
Making dependency for file src/WCLiteEventAction.cc ...
Making dependency for file src/WCLiteDetectorConstruction.cc ...
Making dependency for file src/WCLiteConstructMaterials.cc ...
Compiling WCLiteConstructMaterials.cc ...
src/WCLiteConstructMaterials.cc: In member function ‘void WCLiteDetectorConstruction::ConstructMaterials()’:
src/WCLiteConstructMaterials.cc:28: warning: unused variable ‘Vacuum’
src/WCLiteConstructMaterials.cc:255: warning: unused variable ‘PPCKOV’
src/WCLiteConstructMaterials.cc:564: warning: unused variable ‘EFFICIENCY_blacksheet’
src/WCLiteConstructMaterials.cc:641: warning: unused variable ‘RI_Scint’
Compiling WCLiteDetectorConstruction.cc ...
Compiling WCLiteEventAction.cc ...
src/WCLiteEventAction.cc: In member function ‘virtual void WCLiteEventAction::EndOfEventAction(const G4Event*)’:
src/WCLiteEventAction.cc:546: warning: comparison between signed and unsigned integer expressions
src/WCLiteEventAction.cc:543: warning: unused variable ‘isGd’
src/WCLiteEventAction.cc:624: warning: unused variable ‘xStepP’
src/WCLiteEventAction.cc:625: warning: unused variable ‘yStepP’
src/WCLiteEventAction.cc:626: warning: unused variable ‘zStepP’
src/WCLiteEventAction.cc:627: warning: unused variable ‘tStepP’
src/WCLiteEventAction.cc:629: warning: unused variable ‘KEStepP’
src/WCLiteEventAction.cc:656: warning: comparison between signed and unsigned integer expressions
src/WCLiteEventAction.cc:660: warning: comparison between signed and unsigned integer expressions
src/WCLiteEventAction.cc:691: warning: comparison between signed and unsigned integer expressions
src/WCLiteEventAction.cc:780: warning: comparison between signed and unsigned integer expressions
src/WCLiteEventAction.cc:271: warning: unused variable ‘n_earlyEMparts’
src/WCLiteEventAction.cc:276: warning: unused variable ‘photcount’
src/WCLiteEventAction.cc:276: warning: unused variable ‘mpcount’
src/WCLiteEventAction.cc:276: warning: unused variable ‘neithercount’
Compiling WCLitePhysicsList.cc ...
Compiling WCLitePhysicsMessenger.cc ...
Compiling WCLitePrimaryGeneratorAction.cc ...
src/WCLitePrimaryGeneratorAction.cc: In member function ‘virtual void WCLitePrimaryGeneratorAction::GeneratePrimaries(G4Event*)’:
src/WCLitePrimaryGeneratorAction.cc:310: warning: unused variable ‘pdgid’
src/WCLitePrimaryGeneratorAction.cc:392: warning: comparison between signed and unsigned integer expressions
src/WCLitePrimaryGeneratorAction.cc:390: warning: unused variable ‘npl’
src/WCLitePrimaryGeneratorAction.cc: In function ‘std::vector<std::basic_string<char, std::char_traits<char>, std::allocator<char> >, std::allocator<std::basic_string<char, std::char_traits<char>, std::allocator<char> > > > tokenize(std::string, std::string)’:
src/WCLitePrimaryGeneratorAction.cc:572: warning: comparison is always true due to limited range of data type
src/WCLitePrimaryGeneratorAction.cc:576: warning: comparison is always false due to limited range of data type
Compiling WCLitePrimaryGeneratorMessenger.cc ...
Compiling WCLiteRunAction.cc ...
Compiling WCLiteStackingAction.cc ...
Compiling WCLiteSteppingVerbose.cc ...
src/WCLiteSteppingVerbose.cc: In member function ‘virtual void WCLiteSteppingVerbose::StepInfo()’:
src/WCLiteSteppingVerbose.cc:55: warning: unused variable ‘theTrack’
Compiling WCLiteTrackingAction.cc ...
src/WCLiteTrackingAction.cc: In constructor ‘WCLiteTrackingAction::WCLiteTrackingAction()’:
src/WCLiteTrackingAction.cc:51: warning: statement has no effect
src/WCLiteTrackingAction.cc: In member function ‘virtual void WCLiteTrackingAction::PreUserTrackingAction(const G4Track*)’:
src/WCLiteTrackingAction.cc:116: warning: unused variable ‘stepno’
src/WCLiteTrackingAction.cc:117: warning: unused variable ‘aStep’
src/WCLiteTrackingAction.cc: In member function ‘virtual void WCLiteTrackingAction::PostUserTrackingAction(const G4Track*)’:
src/WCLiteTrackingAction.cc:156: warning: unused variable ‘stepno’
Compiling WCLiteTrajectory.cc ...
Compiling WCLiteTrajectoryPoint.cc ...
Creating shared library /users/lodovico/geant4_workdir/tmp/Linux-g++/WChSandBox/libWChSandBox.so ...
Compiling WChSandBox.cc ...
Using global libraries ...
Linking WChSandBox
... Done!
